<?xml version="1.0" encoding="UTF-8"?>
<coverage generated="1527474983737" clover="3.2.0">
  <project timestamp="1527474983737" name="All files">
    <metrics statements="34" coveredstatements="27" conditionals="18" coveredconditionals="11" methods="11" coveredmethods="9" elements="63" coveredelements="47" complexity="0" loc="34" ncloc="34" packages="3" files="8" classes="8">
      <package name="containers">
        <metrics statements="1" coveredstatements="1" conditionals="0" coveredconditionals="0" methods="0" coveredmethods="0"/>
        <file name="reducers.js" path="/Users/admin/Projects/Github/tasks/src/containers/reducers.js">
          <metrics statements="1" coveredstatements="1" conditionals="0" coveredconditionals="0" methods="0" coveredmethods="0"/>
          <line num="5" count="1" type="stmt"/>
        </file>
      </package>
      <package name="containers.Board">
        <metrics statements="22" coveredstatements="17" conditionals="10" coveredconditionals="6" methods="8" coveredmethods="7"/>
        <file name="actions.js" path="/Users/admin/Projects/Github/tasks/src/containers/Board/actions.js">
          <metrics statements="9" coveredstatements="5" conditionals="3" coveredconditionals="0" methods="5" coveredmethods="4"/>
          <line num="6" count="1" type="cond" truecount="0" falsecount="1"/>
          <line num="7" count="1" type="stmt"/>
          <line num="8" count="1" type="stmt"/>
          <line num="9" count="4" type="stmt"/>
          <line num="13" count="1" type="stmt"/>
          <line num="14" count="0" type="cond" truecount="0" falsecount="2"/>
          <line num="15" count="0" type="stmt"/>
          <line num="17" count="0" type="stmt"/>
          <line num="20" count="0" type="stmt"/>
        </file>
        <file name="constants.js" path="/Users/admin/Projects/Github/tasks/src/containers/Board/constants.js">
          <metrics statements="4" coveredstatements="4" conditionals="0" coveredconditionals="0" methods="0" coveredmethods="0"/>
          <line num="1" count="2" type="stmt"/>
          <line num="9" count="2" type="stmt"/>
          <line num="10" count="2" type="stmt"/>
          <line num="12" count="2" type="stmt"/>
        </file>
        <file name="reducers.js" path="/Users/admin/Projects/Github/tasks/src/containers/Board/reducers.js">
          <metrics statements="9" coveredstatements="8" conditionals="7" coveredconditionals="6" methods="3" coveredmethods="3"/>
          <line num="4" count="13" type="cond" truecount="5" falsecount="1"/>
          <line num="6" count="1" type="stmt"/>
          <line num="21" count="1" type="stmt"/>
          <line num="25" count="1" type="stmt"/>
          <line num="29" count="1" type="stmt"/>
          <line num="33" count="1" type="stmt"/>
          <line num="37" count="4" type="stmt"/>
          <line num="46" count="0" type="stmt"/>
          <line num="60" count="6" type="stmt"/>
        </file>
      </package>
      <package name="store">
        <metrics statements="11" coveredstatements="9" conditionals="8" coveredconditionals="5" methods="3" coveredmethods="2"/>
        <file name="index.js" path="/Users/admin/Projects/Github/tasks/src/store/index.js">
          <metrics statements="1" coveredstatements="1" conditionals="0" coveredconditionals="0" methods="0" coveredmethods="0"/>
          <line num="3" count="1" type="stmt"/>
        </file>
        <file name="middlewares.js" path="/Users/admin/Projects/Github/tasks/src/store/middlewares.js">
          <metrics statements="3" coveredstatements="1" conditionals="0" coveredconditionals="0" methods="3" coveredmethods="2"/>
          <line num="1" count="1" type="stmt"/>
          <line num="2" count="0" type="stmt"/>
          <line num="3" count="0" type="stmt"/>
        </file>
        <file name="reducers.js" path="/Users/admin/Projects/Github/tasks/src/store/reducers.js">
          <metrics statements="1" coveredstatements="1" conditionals="0" coveredconditionals="0" methods="0" coveredmethods="0"/>
          <line num="5" count="1" type="stmt"/>
        </file>
        <file name="store.js" path="/Users/admin/Projects/Github/tasks/src/store/store.js">
          <metrics statements="6" coveredstatements="6" conditionals="8" coveredconditionals="5" methods="0" coveredmethods="0"/>
          <line num="8" count="1" type="cond" truecount="3" falsecount="1"/>
          <line num="13" count="1" type="stmt"/>
          <line num="14" count="1" type="cond" truecount="1" falsecount="1"/>
          <line num="17" count="1" type="stmt"/>
          <line num="19" count="1" type="cond" truecount="1" falsecount="1"/>
          <line num="20" count="1" type="stmt"/>
        </file>
      </package>
    </metrics>
  </project>
</coverage>
