{"/Users/admin/Projects/Github/tasks/src/containers/reducers.js": {"path":"/Users/admin/Projects/Github/tasks/src/containers/reducers.js","statementMap":{"0":{"start":{"line":5,"column":17},"end":{"line":7,"column":2}}},"fnMap":{},"branchMap":{},"s":{"0":1},"f":{},"b":{},"_coverageSchema":"332fd63041d2c1bcb487cc26dd0d5f7d97098a6c","hash":"c895c7b715261b7f5ef63bbc2fea42f59d61dc38"}
,"/Users/admin/Projects/Github/tasks/src/containers/Board/actions.js": {"path":"/Users/admin/Projects/Github/tasks/src/containers/Board/actions.js","statementMap":{"0":{"start":{"line":6,"column":23},"end":{"line":6,"column":99}},"1":{"start":{"line":6,"column":50},"end":{"line":6,"column":98}},"2":{"start":{"line":7,"column":26},"end":{"line":7,"column":78}},"3":{"start":{"line":7,"column":33},"end":{"line":7,"column":77}},"4":{"start":{"line":8,"column":30},"end":{"line":8,"column":86}},"5":{"start":{"line":8,"column":37},"end":{"line":8,"column":85}},"6":{"start":{"line":9,"column":31},"end":{"line":12,"column":2}},"7":{"start":{"line":9,"column":55},"end":{"line":12,"column":1}},"8":{"start":{"line":13,"column":24},"end":{"line":24,"column":1}},"9":{"start":{"line":14,"column":2},"end":{"line":18,"column":3}},"10":{"start":{"line":15,"column":4},"end":{"line":15,"column":38}},"11":{"start":{"line":17,"column":4},"end":{"line":17,"column":34}},"12":{"start":{"line":20,"column":2},"end":{"line":23,"column":4}}},"fnMap":{"0":{"name":"(anonymous_0)","decl":{"start":{"line":6,"column":23},"end":{"line":6,"column":24}},"loc":{"start":{"line":6,"column":50},"end":{"line":6,"column":98}},"line":6},"1":{"name":"(anonymous_1)","decl":{"start":{"line":7,"column":26},"end":{"line":7,"column":27}},"loc":{"start":{"line":7,"column":33},"end":{"line":7,"column":77}},"line":7},"2":{"name":"(anonymous_2)","decl":{"start":{"line":8,"column":30},"end":{"line":8,"column":31}},"loc":{"start":{"line":8,"column":37},"end":{"line":8,"column":85}},"line":8},"3":{"name":"(anonymous_3)","decl":{"start":{"line":9,"column":31},"end":{"line":9,"column":32}},"loc":{"start":{"line":9,"column":55},"end":{"line":12,"column":1}},"line":9},"4":{"name":"(anonymous_4)","decl":{"start":{"line":13,"column":24},"end":{"line":13,"column":25}},"loc":{"start":{"line":13,"column":34},"end":{"line":24,"column":1}},"line":13}},"branchMap":{"0":{"loc":{"start":{"line":6,"column":31},"end":{"line":6,"column":44}},"type":"default-arg","locations":[{"start":{"line":6,"column":36},"end":{"line":6,"column":44}}],"line":6},"1":{"loc":{"start":{"line":14,"column":2},"end":{"line":18,"column":3}},"type":"if","locations":[{"start":{"line":14,"column":2},"end":{"line":18,"column":3}},{"start":{"line":14,"column":2},"end":{"line":18,"column":3}}],"line":14}},"s":{"0":1,"1":1,"2":1,"3":1,"4":1,"5":1,"6":1,"7":4,"8":1,"9":0,"10":0,"11":0,"12":0},"f":{"0":1,"1":1,"2":1,"3":4,"4":0},"b":{"0":[0],"1":[0,0]},"_coverageSchema":"332fd63041d2c1bcb487cc26dd0d5f7d97098a6c","hash":"028d5572e3ecf4b0e53c16557d01c9c1e73bb657"}
,"/Users/admin/Projects/Github/tasks/src/containers/Board/constants.js": {"path":"/Users/admin/Projects/Github/tasks/src/containers/Board/constants.js","statementMap":{"0":{"start":{"line":1,"column":27},"end":{"line":7,"column":1}},"1":{"start":{"line":9,"column":28},"end":{"line":9,"column":42}},"2":{"start":{"line":10,"column":25},"end":{"line":10,"column":36}},"3":{"start":{"line":12,"column":29},"end":{"line":21,"column":1}}},"fnMap":{},"branchMap":{},"s":{"0":2,"1":2,"2":2,"3":2},"f":{},"b":{},"_coverageSchema":"332fd63041d2c1bcb487cc26dd0d5f7d97098a6c","hash":"a5af208d5745613ed2cbd916e8ce3f540ea5e9f6"}
,"/Users/admin/Projects/Github/tasks/src/containers/Board/reducers.js": {"path":"/Users/admin/Projects/Github/tasks/src/containers/Board/reducers.js","statementMap":{"0":{"start":{"line":4,"column":2},"end":{"line":61,"column":3}},"1":{"start":{"line":6,"column":6},"end":{"line":18,"column":8}},"2":{"start":{"line":21,"column":6},"end":{"line":27,"column":8}},"3":{"start":{"line":25,"column":48},"end":{"line":25,"column":77}},"4":{"start":{"line":29,"column":6},"end":{"line":35,"column":8}},"5":{"start":{"line":33,"column":51},"end":{"line":33,"column":80}},"6":{"start":{"line":37,"column":6},"end":{"line":44,"column":8}},"7":{"start":{"line":46,"column":6},"end":{"line":58,"column":8}},"8":{"start":{"line":60,"column":6},"end":{"line":60,"column":19}}},"fnMap":{"0":{"name":"(anonymous_0)","decl":{"start":{"line":3,"column":15},"end":{"line":3,"column":16}},"loc":{"start":{"line":3,"column":50},"end":{"line":62,"column":1}},"line":3},"1":{"name":"(anonymous_1)","decl":{"start":{"line":25,"column":40},"end":{"line":25,"column":41}},"loc":{"start":{"line":25,"column":48},"end":{"line":25,"column":77}},"line":25},"2":{"name":"(anonymous_2)","decl":{"start":{"line":33,"column":43},"end":{"line":33,"column":44}},"loc":{"start":{"line":33,"column":51},"end":{"line":33,"column":80}},"line":33}},"branchMap":{"0":{"loc":{"start":{"line":3,"column":16},"end":{"line":3,"column":37}},"type":"default-arg","locations":[{"start":{"line":3,"column":24},"end":{"line":3,"column":37}}],"line":3},"1":{"loc":{"start":{"line":4,"column":2},"end":{"line":61,"column":3}},"type":"switch","locations":[{"start":{"line":5,"column":4},"end":{"line":18,"column":8}},{"start":{"line":20,"column":4},"end":{"line":27,"column":8}},{"start":{"line":28,"column":4},"end":{"line":35,"column":8}},{"start":{"line":36,"column":4},"end":{"line":44,"column":8}},{"start":{"line":45,"column":4},"end":{"line":58,"column":8}},{"start":{"line":59,"column":4},"end":{"line":60,"column":19}}],"line":4}},"s":{"0":13,"1":1,"2":1,"3":1,"4":1,"5":1,"6":4,"7":0,"8":6},"f":{"0":13,"1":1,"2":1},"b":{"0":[4],"1":[1,1,1,4,0,6]},"_coverageSchema":"332fd63041d2c1bcb487cc26dd0d5f7d97098a6c","hash":"3388605325705ad7bad1ac0aadb5a07746038ba6"}
,"/Users/admin/Projects/Github/tasks/src/store/index.js": {"path":"/Users/admin/Projects/Github/tasks/src/store/index.js","statementMap":{"0":{"start":{"line":3,"column":42},"end":{"line":3,"column":47}}},"fnMap":{},"branchMap":{},"s":{"0":1},"f":{},"b":{},"_coverageSchema":"332fd63041d2c1bcb487cc26dd0d5f7d97098a6c","hash":"6ecd6c9b27fbfe5ce0ba8dad643ca7e8dc360cb1"}
,"/Users/admin/Projects/Github/tasks/src/store/middlewares.js": {"path":"/Users/admin/Projects/Github/tasks/src/store/middlewares.js","statementMap":{"0":{"start":{"line":1,"column":24},"end":{"line":4,"column":1}},"1":{"start":{"line":1,"column":32},"end":{"line":4,"column":1}},"2":{"start":{"line":2,"column":2},"end":{"line":2,"column":15}},"3":{"start":{"line":3,"column":2},"end":{"line":3,"column":92}}},"fnMap":{"0":{"name":"(anonymous_0)","decl":{"start":{"line":1,"column":15},"end":{"line":1,"column":16}},"loc":{"start":{"line":1,"column":24},"end":{"line":4,"column":1}},"line":1},"1":{"name":"(anonymous_1)","decl":{"start":{"line":1,"column":24},"end":{"line":1,"column":25}},"loc":{"start":{"line":1,"column":32},"end":{"line":4,"column":1}},"line":1},"2":{"name":"(anonymous_2)","decl":{"start":{"line":1,"column":32},"end":{"line":1,"column":33}},"loc":{"start":{"line":1,"column":44},"end":{"line":4,"column":1}},"line":1}},"branchMap":{},"s":{"0":1,"1":1,"2":0,"3":0},"f":{"0":1,"1":1,"2":0},"b":{},"_coverageSchema":"332fd63041d2c1bcb487cc26dd0d5f7d97098a6c","hash":"f0d093900f0d05167fd47aa7ee08715a6c64679d"}
,"/Users/admin/Projects/Github/tasks/src/store/reducers.js": {"path":"/Users/admin/Projects/Github/tasks/src/store/reducers.js","statementMap":{"0":{"start":{"line":5,"column":17},"end":{"line":7,"column":2}}},"fnMap":{},"branchMap":{},"s":{"0":1},"f":{},"b":{},"_coverageSchema":"332fd63041d2c1bcb487cc26dd0d5f7d97098a6c","hash":"d62c338a72a7c62ccc57ec9cbf53975bc25ddd53"}
,"/Users/admin/Projects/Github/tasks/src/store/store.js": {"path":"/Users/admin/Projects/Github/tasks/src/store/store.js","statementMap":{"0":{"start":{"line":8,"column":2},"end":{"line":10,"column":13}},"1":{"start":{"line":13,"column":28},"end":{"line":13,"column":54}},"2":{"start":{"line":14,"column":26},"end":{"line":16,"column":6}},"3":{"start":{"line":17,"column":20},"end":{"line":17,"column":59}},"4":{"start":{"line":19,"column":23},"end":{"line":19,"column":87}},"5":{"start":{"line":20,"column":14},"end":{"line":20,"column":82}}},"fnMap":{},"branchMap":{"0":{"loc":{"start":{"line":8,"column":2},"end":{"line":10,"column":13}},"type":"cond-expr","locations":[{"start":{"line":9,"column":6},"end":{"line":9,"column":60}},{"start":{"line":10,"column":6},"end":{"line":10,"column":13}}],"line":8},"1":{"loc":{"start":{"line":8,"column":2},"end":{"line":8,"column":89}},"type":"binary-expr","locations":[{"start":{"line":8,"column":2},"end":{"line":8,"column":35}},{"start":{"line":8,"column":39},"end":{"line":8,"column":89}}],"line":8},"2":{"loc":{"start":{"line":14,"column":26},"end":{"line":16,"column":6}},"type":"cond-expr","locations":[{"start":{"line":15,"column":4},"end":{"line":15,"column":52}},{"start":{"line":16,"column":4},"end":{"line":16,"column":6}}],"line":14},"3":{"loc":{"start":{"line":19,"column":23},"end":{"line":19,"column":87}},"type":"cond-expr","locations":[{"start":{"line":19,"column":43},"end":{"line":19,"column":82}},{"start":{"line":19,"column":85},"end":{"line":19,"column":87}}],"line":19}},"s":{"0":1,"1":1,"2":1,"3":1,"4":1,"5":1},"f":{},"b":{"0":[0,1],"1":[1,1],"2":[0,1],"3":[1,0]},"_coverageSchema":"332fd63041d2c1bcb487cc26dd0d5f7d97098a6c","hash":"32ee9b5d13951234678b56e34c704405d2b67722"}
}
