TN:
SF:/Users/admin/Projects/Github/tasks/src/containers/reducers.js
FNF:0
FNH:0
DA:5,1
LF:1
LH:1
BRF:0
BRH:0
end_of_record
TN:
SF:/Users/admin/Projects/Github/tasks/src/containers/Board/actions.js
FN:6,(anonymous_0)
FN:7,(anonymous_1)
FN:8,(anonymous_2)
FN:9,(anonymous_3)
FN:13,(anonymous_4)
FNF:5
FNH:4
FNDA:1,(anonymous_0)
FNDA:1,(anonymous_1)
FNDA:1,(anonymous_2)
FNDA:4,(anonymous_3)
FNDA:0,(anonymous_4)
DA:6,1
DA:7,1
DA:8,1
DA:9,4
DA:13,1
DA:14,0
DA:15,0
DA:17,0
DA:20,0
LF:9
LH:5
BRDA:6,0,0,0
BRDA:14,1,0,0
BRDA:14,1,1,0
BRF:3
BRH:0
end_of_record
TN:
SF:/Users/admin/Projects/Github/tasks/src/containers/Board/constants.js
FNF:0
FNH:0
DA:1,2
DA:9,2
DA:10,2
DA:12,2
LF:4
LH:4
BRF:0
BRH:0
end_of_record
TN:
SF:/Users/admin/Projects/Github/tasks/src/containers/Board/reducers.js
FN:3,(anonymous_0)
FN:25,(anonymous_1)
FN:33,(anonymous_2)
FNF:3
FNH:3
FNDA:13,(anonymous_0)
FNDA:1,(anonymous_1)
FNDA:1,(anonymous_2)
DA:4,13
DA:6,1
DA:21,1
DA:25,1
DA:29,1
DA:33,1
DA:37,4
DA:46,0
DA:60,6
LF:9
LH:8
BRDA:3,0,0,4
BRDA:4,1,0,1
BRDA:4,1,1,1
BRDA:4,1,2,1
BRDA:4,1,3,4
BRDA:4,1,4,0
BRDA:4,1,5,6
BRF:7
BRH:6
end_of_record
TN:
SF:/Users/admin/Projects/Github/tasks/src/store/index.js
FNF:0
FNH:0
DA:3,1
LF:1
LH:1
BRF:0
BRH:0
end_of_record
TN:
SF:/Users/admin/Projects/Github/tasks/src/store/middlewares.js
FN:1,(anonymous_0)
FN:1,(anonymous_1)
FN:1,(anonymous_2)
FNF:3
FNH:2
FNDA:1,(anonymous_0)
FNDA:1,(anonymous_1)
FNDA:0,(anonymous_2)
DA:1,1
DA:2,0
DA:3,0
LF:3
LH:1
BRF:0
BRH:0
end_of_record
TN:
SF:/Users/admin/Projects/Github/tasks/src/store/reducers.js
FNF:0
FNH:0
DA:5,1
LF:1
LH:1
BRF:0
BRH:0
end_of_record
TN:
SF:/Users/admin/Projects/Github/tasks/src/store/store.js
FNF:0
FNH:0
DA:8,1
DA:13,1
DA:14,1
DA:17,1
DA:19,1
DA:20,1
LF:6
LH:6
BRDA:8,0,0,0
BRDA:8,0,1,1
BRDA:8,1,0,1
BRDA:8,1,1,1
BRDA:14,2,0,0
BRDA:14,2,1,1
BRDA:19,3,0,1
BRDA:19,3,1,0
BRF:8
BRH:5
end_of_record
